#
# A fatal error has been detected by the Java Runtime Environment:
#
#  EXCEPTION_ACCESS_VIOLATION (0xc0000005) at pc=0x00007fff9dc912aa, pid=26284, tid=28140
#
# JRE version: OpenJDK Runtime Environment (24.0.1+9) (build 24.0.1+9-30)
# Java VM: OpenJDK 64-Bit Server VM (24.0.1+9-30, mixed mode, emulated-client, sharing, tiered, compressed oops, compressed class ptrs, g1 gc, windows-amd64)
# Problematic frame:
# V  [jvm.dll+0x3912aa]
#
# No core dump will be written. Minidumps are not enabled by default on client versions of Windows
#
# If you would like to submit a bug report, please visit:
#   https://bugreport.java.com/bugreport/crash.jsp
#

---------------  S U M M A R Y ------------

Command Line: -XX:TieredStopAtLevel=1 -Dspring.output.ansi.enabled=always -Dcom.sun.management.jmxremote -Dspring.jmx.enabled=true -Dspring.liveBeansView.mbeanDomain -Dspring.application.admin.enabled=true -Dmanagement.endpoints.jmx.exposure.include=* -javaagent:C:\Program Files\JetBrains\IntelliJ IDEA 2025.1.3\lib\idea_rt.jar=51177 -Dfile.encoding=UTF-8 -Dsun.stdout.encoding=UTF-8 -Dsun.stderr.encoding=UTF-8 org.example.sbp1.Sbp1Application

Host: Intel(R) Core(TM) i7-9750H CPU @ 2.60GHz, 12 cores, 15G,  Windows 11 , 64 bit Build 26100 (10.0.26100.7019)
Time: Mon Dec  8 09:37:37 2025 W. Central Africa Standard Time elapsed time: 1.014331 seconds (0d 0h 0m 1s)

---------------  T H R E A D  ---------------

Current thread (0x000001778f32c080):  WorkerThread "GC Thread#1"    [id=28140, stack(0x0000005d3ce00000,0x0000005d3cf00000) (1024K)]

Stack: [0x0000005d3ce00000,0x0000005d3cf00000],  sp=0x0000005d3cefde30,  free space=1015k
Native frames: (J=compiled Java code, j=interpreted, Vv=VM code, C=native code)
V  [jvm.dll+0x3912aa]  (no source info available)
V  [jvm.dll+0x394368]  (no source info available)
V  [jvm.dll+0x3906ce]  (no source info available)
V  [jvm.dll+0x3a2087]  (no source info available)
V  [jvm.dll+0x346ec1]  (no source info available)
V  [jvm.dll+0x346b25]  (no source info available)
V  [jvm.dll+0x42dcd1]  (no source info available)
V  [jvm.dll+0x87dab6]  (no source info available)
V  [jvm.dll+0x8873b1]  (no source info available)
V  [jvm.dll+0x3a253a]  (no source info available)
V  [jvm.dll+0x3a23ca]  (no source info available)
V  [jvm.dll+0x3aabf4]  (no source info available)
V  [jvm.dll+0x3aaf0b]  (no source info available)
V  [jvm.dll+0x90c487]  (no source info available)
V  [jvm.dll+0x87d76b]  (no source info available)
V  [jvm.dll+0x72ee55]  (no source info available)
C  [ucrtbase.dll+0x37b0]  (no source info available)
C  [KERNEL32.DLL+0x2e8d7]  (no source info available)
C  [ntdll.dll+0x8c53c]  (no source info available)

JavaThread 0x000001778ec433a0 (nid = 19924) was being processed
Java frames: (J=compiled Java code, j=interpreted, Vv=VM code)
j  com.sun.management.internal.OperatingSystemImpl.getProcessCpuLoad0()D+0 jdk.management@24.0.1
j  com.sun.management.internal.OperatingSystemImpl.getProcessCpuLoad()D+1 jdk.management@24.0.1
j  java.lang.invoke.LambdaForm$DMH+0x000001774a08bc00.invokeInterface(Ljava/lang/Object;Ljava/lang/Object;)D+21 java.base@24.0.1
j  java.lang.invoke.LambdaForm$MH+0x000001774a090c00.invoke(Ljava/lang/Object;Ljava/lang/Object;)Ljava/lang/Object;+31 java.base@24.0.1
j  java.lang.invoke.Invokers$Holder.invokeExact_MT(Ljava/lang/Object;Ljava/lang/Object;Ljava/lang/Object;)Ljava/lang/Object;+19 java.base@24.0.1
j  jdk.internal.reflect.DirectMethodHandleAccessor.invokeImpl(Ljava/lang/Object;[Ljava/lang/Object;)Ljava/lang/Object;+41 java.base@24.0.1
j  jdk.internal.reflect.DirectMethodHandleAccessor.invoke(Ljava/lang/Object;[Ljava/lang/Object;)Ljava/lang/Object;+23 java.base@24.0.1
j  java.lang.reflect.Method.invoke(Ljava/lang/Object;[Ljava/lang/Object;)Ljava/lang/Object;+102 java.base@24.0.1
j  sun.reflect.misc.Trampoline.invoke(Ljava/lang/reflect/Method;Ljava/lang/Object;[Ljava/lang/Object;)Ljava/lang/Object;+7
j  java.lang.invoke.DirectMethodHandle$Holder.invokeStatic(Ljava/lang/Object;Ljava/lang/Object;Ljava/lang/Object;Ljava/lang/Object;)Ljava/lang/Object;+14 java.base@24.0.1
j  java.lang.invoke.LambdaForm$MH+0x000001774a08b800.invoke(Ljava/lang/Object;Ljava/lang/Object;Ljava/lang/Object;Ljava/lang/Object;Ljava/lang/Object;)Ljava/lang/Object;+56 java.base@24.0.1
j  java.lang.invoke.LambdaForm$MH+0x000001774a089400.invokeExact_MT(Ljava/lang/Object;Ljava/lang/Object;Ljava/lang/Object;Ljava/lang/Object;Ljava/lang/Object;Ljava/lang/Object;)Ljava/lang/Object;+24 java.base@24.0.1
j  jdk.internal.reflect.DirectMethodHandleAccessor.invokeImpl(Ljava/lang/Object;[Ljava/lang/Object;)Ljava/lang/Object;+92 java.base@24.0.1
j  jdk.internal.reflect.DirectMethodHandleAccessor.invoke(Ljava/lang/Object;[Ljava/lang/Object;)Ljava/lang/Object;+23 java.base@24.0.1
j  java.lang.reflect.Method.invoke(Ljava/lang/Object;[Ljava/lang/Object;)Ljava/lang/Object;+102 java.base@24.0.1
j  sun.reflect.misc.MethodUtil.invoke(Ljava/lang/reflect/Method;Ljava/lang/Object;[Ljava/lang/Object;)Ljava/lang/Object;+20 java.base@24.0.1
j  com.sun.jmx.mbeanserver.ConvertingMethod.invokeWithOpenReturn(Ljava/lang/Object;[Ljava/lang/Object;)Ljava/lang/Object;+45 java.management@24.0.1
j  com.sun.jmx.mbeanserver.ConvertingMethod.invokeWithOpenReturn(Lcom/sun/jmx/mbeanserver/MXBeanLookup;Ljava/lang/Object;[Ljava/lang/Object;)Ljava/lang/Object;+12 java.management@24.0.1
j  com.sun.jmx.mbeanserver.MXBeanIntrospector.invokeM2(Lcom/sun/jmx/mbeanserver/ConvertingMethod;Ljava/lang/Object;[Ljava/lang/Object;Ljava/lang/Object;)Ljava/lang/Object;+8 java.management@24.0.1
j  com.sun.jmx.mbeanserver.MXBeanIntrospector.invokeM2(Ljava/lang/Object;Ljava/lang/Object;[Ljava/lang/Object;Ljava/lang/Object;)Ljava/lang/Object;+9 java.management@24.0.1
j  com.sun.jmx.mbeanserver.MBeanIntrospector.invokeM(Ljava/lang/Object;Ljava/lang/Object;[Ljava/lang/Object;Ljava/lang/Object;)Ljava/lang/Object;+6 java.management@24.0.1
j  com.sun.jmx.mbeanserver.PerInterface.getAttribute(Ljava/lang/Object;Ljava/lang/String;Ljava/lang/Object;)Ljava/lang/Object;+71 java.management@24.0.1
j  com.sun.jmx.mbeanserver.MBeanSupport.getAttribute(Ljava/lang/String;)Ljava/lang/Object;+13 java.management@24.0.1
j  javax.management.StandardMBean.getAttribute(Ljava/lang/String;)Ljava/lang/Object;+5 java.management@24.0.1
j  com.sun.jmx.interceptor.DefaultMBeanServerInterceptor.getAttribute(Ljavax/management/ObjectName;Ljava/lang/String;)Ljava/lang/Object;+98 java.management@24.0.1
j  com.sun.jmx.mbeanserver.JmxMBeanServer.getAttribute(Ljavax/management/ObjectName;Ljava/lang/String;)Ljava/lang/Object;+10 java.management@24.0.1
j  javax.management.remote.rmi.RMIConnectionImpl.doOperation(I[Ljava/lang/Object;)Ljava/lang/Object;+252 java.management.rmi@24.0.1
j  javax.management.remote.rmi.RMIConnectionImpl.doPrivilegedOperation(I[Ljava/lang/Object;Ljavax/security/auth/Subject;)Ljava/lang/Object;+33 java.management.rmi@24.0.1
j  javax.management.remote.rmi.RMIConnectionImpl.getAttribute(Ljavax/management/ObjectName;Ljava/lang/String;Ljavax/security/auth/Subject;)Ljava/lang/Object;+52 java.management.rmi@24.0.1
j  java.lang.invoke.LambdaForm$DMH+0x000001774a089800.invokeInterface(Ljava/lang/Object;Ljava/lang/Object;Ljava/lang/Object;Ljava/lang/Object;Ljava/lang/Object;)Ljava/lang/Object;+29 java.base@24.0.1
j  java.lang.invoke.LambdaForm$MH+0x000001774a08a800.invoke(Ljava/lang/Object;Ljava/lang/Object;Ljava/lang/Object;Ljava/lang/Object;Ljava/lang/Object;)Ljava/lang/Object;+93 java.base@24.0.1
j  java.lang.invoke.LambdaForm$MH+0x000001774a089400.invokeExact_MT(Ljava/lang/Object;Ljava/lang/Object;Ljava/lang/Object;Ljava/lang/Object;Ljava/lang/Object;Ljava/lang/Object;)Ljava/lang/Object;+24 java.base@24.0.1
j  jdk.internal.reflect.DirectMethodHandleAccessor.invokeImpl(Ljava/lang/Object;[Ljava/lang/Object;)Ljava/lang/Object;+92 java.base@24.0.1
j  jdk.internal.reflect.DirectMethodHandleAccessor.invoke(Ljava/lang/Object;[Ljava/lang/Object;)Ljava/lang/Object;+23 java.base@24.0.1
j  java.lang.reflect.Method.invoke(Ljava/lang/Object;[Ljava/lang/Object;)Ljava/lang/Object;+102 java.base@24.0.1
j  sun.rmi.server.UnicastServerRef.dispatch(Ljava/rmi/Remote;Ljava/rmi/server/RemoteCall;)V+264 java.rmi@24.0.1
j  sun.rmi.transport.Transport.serviceCall(Ljava/rmi/server/RemoteCall;)Z+145 java.rmi@24.0.1
j  sun.rmi.transport.tcp.TCPTransport.handleMessages(Lsun/rmi/transport/Connection;Z)V+145 java.rmi@24.0.1
j  sun.rmi.transport.tcp.TCPTransport$ConnectionHandler.run0()V+522 java.rmi@24.0.1
j  sun.rmi.transport.tcp.TCPTransport$ConnectionHandler.run()V+29 java.rmi@24.0.1
j  java.util.concurrent.ThreadPoolExecutor.runWorker(Ljava/util/concurrent/ThreadPoolExecutor$Worker;)V+92 java.base@24.0.1
j  java.util.concurrent.ThreadPoolExecutor$Worker.run()V+5 java.base@24.0.1
j  java.lang.Thread.runWith(Ljava/lang/Object;Ljava/lang/Runnable;)V+5 java.base@24.0.1
j  java.lang.Thread.run()V+19 java.base@24.0.1
v  ~StubRoutines::call_stub 0x000001773de10fcd

siginfo: EXCEPTION_ACCESS_VIOLATION (0xc0000005), reading address 0x0000000000000400


Registers:
RAX=0x0000000000000000, RBX=0x000000070fd68074, RCX=0x0000000000000015, RDX=0x0000017733331738
RSP=0x0000005d3cefde30, RBP=0x0000005d3cefded0, RSI=0x00000177355966b0, RDI=0x000001778ebe0630
R8 =0x000001773558e3f0, R9 =0x0000000000000400, R10=0x0000000000000400, R11=0x0000005d3cefde00
R12=0x0000000000000000, R13=0x000001778f32c080, R14=0x0000000000000046, R15=0x0000000000000040
RIP=0x00007fff9dc912aa, EFLAGS=0x0000000000010246

XMM[0]=0x00000020010727b0 0x0000000000000001
XMM[1]=0x0000000000000000 0x0000000000000000
XMM[2]=0x684841414967476c 0x462b694a7a742f70
XMM[3]=0x52336274566d5575 0x49585a324a585a7a
XMM[4]=0x7441417a63486334 0x4241414434784d68
XMM[5]=0x0000008000000000 0x0000000000000000
XMM[6]=0x0000000000000000 0x0000000000000000
XMM[7]=0x0000000000000000 0x0000000000000000
XMM[8]=0x0000000000000000 0x0000000000000000
XMM[9]=0x0000000000000000 0x0000000000000000
XMM[10]=0x0000000000000000 0x0000000000000000
XMM[11]=0x0000000000000000 0x0000000000000000
XMM[12]=0x0000000000000000 0x0000000000000000
XMM[13]=0x0000000000000000 0x0000000000000000
XMM[14]=0x0000000000000000 0x0000000000000000
XMM[15]=0x0000000000000000 0x0000000000000000
  MXCSR=0x00001fa0


Register to memory mapping:

RAX=0x0 is null
RBX=
[error occurred during error reporting (printing register info), id 0xc0000005, EXCEPTION_ACCESS_VIOLATION (0xc0000005) at pc=0x00007fff9dc4cae4]
RCX=0x0000000000000015 is an unknown value
RDX=0x0000017733331738 points into unknown readable memory: 0x0000000000000000 | 00 00 00 00 00 00 00 00
RSP=0x0000005d3cefde30 points into unknown readable memory: 0x0000000000000045 | 45 00 00 00 00 00 00 00
RBP=0x0000005d3cefded0 points into unknown readable memory: 0x0000005d3cefe258 | 58 e2 ef 3c 5d 00 00 00
RSI=0x00000177355966b0 points into unknown readable memory: 0x0000000000000000 | 00 00 00 00 00 00 00 00
RDI=0x000001778ebe0630 points into unknown readable memory: 0x00007fff9e346148 | 48 61 34 9e ff 7f 00 00
R8 =0x000001773558e3f0 points into unknown readable memory: 0x00007fff9e33cfc0 | c0 cf 33 9e ff 7f 00 00
R9 =0x0000000000000400 is an unknown value
R10=0x0000000000000400 is an unknown value
R11=0x0000005d3cefde00 points into unknown readable memory: 0x0000000000000040 | 40 00 00 00 00 00 00 00
R12=0x0 is null
R13=0x000001778f32c080 points into unknown readable memory: 0x00007fff9e3ed868 | 68 d8 3e 9e ff 7f 00 00
R14=0x0000000000000046 is an unknown value
R15=0x0000000000000040 is an unknown value

Top of Stack: (sp=0x0000005d3cefde30)
0x0000005d3cefde30:   0000000000000045 000000070fd17e20   E....... ~......
0x0000005d3cefde40:   00000177355966b0 0000000000000000   .fY5w...........
0x0000005d3cefde50:   000000070fd68075 00007fff9dc94368   u.......hC......
0x0000005d3cefde60:   0000000000000000 0000000000000001   ................
0x0000005d3cefde70:   0000017748000001 000001778ebe0630   ...Hw...0...w...
0x0000005d3cefde80:   0000000000000001 0000000000000001   ................
0x0000005d3cefde90:   0000005d3c000001 0000000100000000   ...<]...........
0x0000005d3cefdea0:   000001778f271038 00007fff9e028c3f   8.'.w...?.......
0x0000005d3cefdeb0:   0000005d3cefdf30 0000000000000090   0..<]...........
0x0000005d3cefdec0:   0000000000000090 00000317295ed001   ..........^)....
0x0000005d3cefded0:   0000005d3cefe258 0000000000000108   X..<]...........
0x0000005d3cefdee0:   000001778ec89478 000001778f271038   x...w...8.'.w...
0x0000005d3cefdef0:   000001778f271038 000001778ebe0630   8.'.w...0...w...
0x0000005d3cefdf00:   0000005d3cefe090 00007fff9dc906ce   ...<]...........
0x0000005d3cefdf10:   0000005d3cefe090 00007fff9dc92e6e   ...<]...n.......
0x0000005d3cefdf20:   0000000000000108 0000005d3cbff328   ........(..<]...
0x0000005d3cefdf30:   000000000098fceb 0000000098ea96cc   ................
0x0000005d3cefdf40:   0000000000000001 00007fff9e01ced9   ................
0x0000005d3cefdf50:   0000005d3cbff328 00007fff9dca2087   (..<].... ......
0x0000005d3cefdf60:   0000000000000001 000001778ec89478   ........x...w...
0x0000005d3cefdf70:   000001778f1fedb0 0000000000000066   ....w...f.......
0x0000005d3cefdf80:   0000005d3cefe220 00007fff9dc46ec1    ..<]....n......
0x0000005d3cefdf90:   0000005d3cbff300 000001778f000001   ...<].......w...
0x0000005d3cefdfa0:   0000000000000001 000001778f271038   ........8.'.w...
0x0000005d3cefdfb0:   0000010800000001 000001778a33a0e0   ..........3.w...
0x0000005d3cefdfc0:   000001778f32c080 000001778a33a0e0   ..2.w.....3.w...
0x0000005d3cefdfd0:   00000177494a6b78 0000000000000000   xkJIw...........
0x0000005d3cefdfe0:   00000177497546de 00000000000000b9   .FuIw...........
0x0000005d3cefdff0:   00000177491a0598 00007fff9e33bb40   ...Iw...@.3.....
0x0000005d3cefe000:   0000005d3cefe220 000001778f271038    ..<]...8.'.w...
0x0000005d3cefe010:   0000000600000006 0000000000000000   ................
0x0000005d3cefe020:   0000000000000000 0000000000000000   ................

Instructions: (pc=0x00007fff9dc912aa)
  0x00007fff9dc911aa:   48 8b 4f 18 48 8d 53 01 48 8b 5c 24 30 48 83 c4
  0x00007fff9dc911ba:   20 5f e9 df 28 00 00 8b 0d f9 59 90 00 49 8b c1
  0x00007fff9dc911ca:   48 33 c3 48 d3 e8 48 85 c0 74 65 0f b7 02 4c 8b
  0x00007fff9dc911da:   c3 66 89 44 24 40 48 8b cf 0f b6 42 02 48 8d 54
  0x00007fff9dc911ea:   24 40 88 44 24 42 e8 7b 03 00 00 83 7f 20 01 74
  0x00007fff9dc911fa:   3f 80 7c 24 38 00 74 38 48 8b 7f 18 8b 0d 3c 81
  0x00007fff9dc9120a:   8f 00 48 d3 eb 48 8b 47 58 48 03 58 30 48 8b 50
  0x00007fff9dc9121a:   28 48 2b da 48 39 9f b0 01 00 00 74 13 48 03 d3
  0x00007fff9dc9122a:   48 8d 4f 18 e8 2d 70 00 00 48 89 9f b0 01 00 00
  0x00007fff9dc9123a:   48 8b 5c 24 30 48 83 c4 20 5f c3 cc cc cc cc cc
  0x00007fff9dc9124a:   cc cc cc cc cc cc 48 89 5c 24 20 57 48 83 ec 20
  0x00007fff9dc9125a:   44 8b 12 48 8b f9 8b 0d 5a c2 8f 00 48 8b da 49
  0x00007fff9dc9126a:   d3 e2 4c 03 15 45 c2 8f 00 4c 8b 47 08 49 8b c2
  0x00007fff9dc9127a:   41 8b 88 00 06 00 00 48 d3 e8 48 8d 14 40 49 03
  0x00007fff9dc9128a:   90 f0 05 00 00 0f b7 02 66 89 44 24 30 80 7c 24
  0x00007fff9dc9129a:   31 00 0f b6 42 02 88 44 24 32 0f 8c 3c 01 00 00
=>0x00007fff9dc912aa:   4d 8b 0a 41 0f b6 c1 24 07 3c 03 72 14 41 0f b6
  0x00007fff9dc912ba:   c1 c0 e8 02 a8 01 75 2f 4d 8b d1 49 83 e2 fc eb
  0x00007fff9dc912ca:   26 0f b7 44 24 30 48 8d 54 24 40 66 89 44 24 40
  0x00007fff9dc912da:   4d 8b c2 0f b6 44 24 32 48 8b cf 88 44 24 42 e8
  0x00007fff9dc912ea:   92 1b 00 00 4c 8b d0 8b 0d c9 c1 8f 00 49 8b c2
  0x00007fff9dc912fa:   48 2b 05 b7 c1 8f 00 48 d3 e8 89 03 49 8b c2 8b
  0x00007fff9dc9130a:   0d b1 58 90 00 48 33 c3 48 d3 e8 48 85 c0 0f 84
  0x00007fff9dc9131a:   c8 00 00 00 48 8b 47 08 48 8b d3 8b 88 00 06 00
  0x00007fff9dc9132a:   00 4c 8b 80 f0 05 00 00 48 d3 ea 49 8d 04 50 0f
  0x00007fff9dc9133a:   b7 04 02 66 89 44 24 30 80 7c 24 31 fe 0f 84 99
  0x00007fff9dc9134a:   00 00 00 49 d3 ea 4b 8d 0c 50 42 0f b7 04 11 66
  0x00007fff9dc9135a:   89 44 24 38 80 7c 24 39 00 7c 46 48 8b 47 58 8b
  0x00007fff9dc9136a:   0d d9 7f 8f 00 48 d3 eb 48 03 58 30 48 8b 50 28
  0x00007fff9dc9137a:   48 2b da 48 39 9f b0 01 00 00 74 60 48 03 d3 48
  0x00007fff9dc9138a:   8d 4f 18 e8 ce 6e 00 00 48 ff 87 78 02 00 00 48
  0x00007fff9dc9139a:   89 9f b0 01 00 00 48 8b 5c 24 48 48 83 c4 20 5f


Stack slot to memory mapping:

stack at sp + 0 slots: 0x0000000000000045 is an unknown value
stack at sp + 1 slots: 
[error occurred during error reporting (inspecting top of stack), id 0xc0000005, EXCEPTION_ACCESS_VIOLATION (0xc0000005) at pc=0x00007fff9dc4cae4]
stack at sp + 2 slots: 0x00000177355966b0 points into unknown readable memory: 0x0000000000000000 | 00 00 00 00 00 00 00 00
stack at sp + 3 slots: 0x0 is null
stack at sp + 4 slots: 
[error occurred during error reporting (inspecting top of stack, attempt 2), id 0xc0000005, EXCEPTION_ACCESS_VIOLATION (0xc0000005) at pc=0x00007fff9dc4cae4]
stack at sp + 5 slots: 0x00007fff9dc94368 jvm.dll
stack at sp + 6 slots: 0x0 is null
stack at sp + 7 slots: 0x0000000000000001 is an unknown value


---------------  P R O C E S S  ---------------

Threads class SMR info:
_java_thread_list=0x000001778ec06e90, length=18, elements={
0x000001773557c270, 0x0000017748ef38e0, 0x0000017748ef4020, 0x0000017748ef6230,
0x0000017748ef9100, 0x0000017748efab50, 0x0000017748efc320, 0x0000017748f07a60,
0x000001778e0c3f80, 0x000001778e0e64a0, 0x000001778e1285b0, 0x000001778e144380,
0x000001778e5adba0, 0x000001778e5cea20, 0x000001778ebf7610, 0x000001778ec433a0,
0x000001778ec36fc0, 0x000001778ec678a0
}

Java Threads: ( => current thread )
  0x000001773557c270 JavaThread "main"                              [_thread_blocked, id=28864, stack(0x0000005d3b500000,0x0000005d3b600000) (1024K)]
  0x0000017748ef38e0 JavaThread "Reference Handler"          daemon [_thread_blocked, id=21008, stack(0x0000005d3bd00000,0x0000005d3be00000) (1024K)]
  0x0000017748ef4020 JavaThread "Finalizer"                  daemon [_thread_blocked, id=17928, stack(0x0000005d3be00000,0x0000005d3bf00000) (1024K)]
  0x0000017748ef6230 JavaThread "Signal Dispatcher"          daemon [_thread_blocked, id=22332, stack(0x0000005d3bf00000,0x0000005d3c000000) (1024K)]
  0x0000017748ef9100 JavaThread "Attach Listener"            daemon [_thread_blocked, id=13268, stack(0x0000005d3c000000,0x0000005d3c100000) (1024K)]
  0x0000017748efab50 JavaThread "Service Thread"             daemon [_thread_blocked, id=29052, stack(0x0000005d3c100000,0x0000005d3c200000) (1024K)]
  0x0000017748efc320 JavaThread "Monitor Deflation Thread"   daemon [_thread_blocked, id=8052, stack(0x0000005d3c200000,0x0000005d3c300000) (1024K)]
  0x0000017748f07a60 JavaThread "C1 CompilerThread0"         daemon [_thread_blocked, id=18188, stack(0x0000005d3c300000,0x0000005d3c400000) (1024K)]
  0x000001778e0c3f80 JavaThread "C1 CompilerThread1"         daemon [_thread_blocked, id=28336, stack(0x0000005d3c400000,0x0000005d3c500000) (1024K)]
  0x000001778e0e64a0 JavaThread "C1 CompilerThread2"         daemon [_thread_blocked, id=28996, stack(0x0000005d3c500000,0x0000005d3c600000) (1024K)]
  0x000001778e1285b0 JavaThread "Common-Cleaner"             daemon [_thread_blocked, id=19308, stack(0x0000005d3c600000,0x0000005d3c700000) (1024K)]
  0x000001778e144380 JavaThread "C1 CompilerThread3"         daemon [_thread_blocked, id=20508, stack(0x0000005d3c700000,0x0000005d3c800000) (1024K)]
  0x000001778e5adba0 JavaThread "Monitor Ctrl-Break"         daemon [_thread_in_native, id=27208, stack(0x0000005d3c800000,0x0000005d3c900000) (1024K)]
  0x000001778e5cea20 JavaThread "Notification Thread"        daemon [_thread_blocked, id=17636, stack(0x0000005d3c900000,0x0000005d3ca00000) (1024K)]
  0x000001778ebf7610 JavaThread "RMI TCP Accept-0"           daemon [_thread_in_native, id=13004, stack(0x0000005d3ca00000,0x0000005d3cb00000) (1024K)]
  0x000001778ec433a0 JavaThread "RMI TCP Connection(1)-10.0.2.2" daemon [_thread_blocked, id=19924, stack(0x0000005d3cb00000,0x0000005d3cc00000) (1024K)]
  0x000001778ec36fc0 JavaThread "RMI Scheduler(0)"           daemon [_thread_blocked, id=26232, stack(0x0000005d3cc00000,0x0000005d3cd00000) (1024K)]
  0x000001778ec678a0 JavaThread "JMX server connection timeout 31" daemon [_thread_blocked, id=30384, stack(0x0000005d3cd00000,0x0000005d3ce00000) (1024K)]
Total: 18

Other Threads:
  0x0000017748ee4470 VMThread "VM Thread"                           [id=19248, stack(0x0000005d3bc00000,0x0000005d3bd00000) (1024K)]
  0x0000017748daf4b0 WatcherThread "VM Periodic Task Thread"        [id=29124, stack(0x0000005d3bb00000,0x0000005d3bc00000) (1024K)]
  0x00000177355e0950 WorkerThread "GC Thread#0"                     [id=29304, stack(0x0000005d3b600000,0x0000005d3b700000) (1024K)]
=>0x000001778f32c080 WorkerThread "GC Thread#1"                     [id=28140, stack(0x0000005d3ce00000,0x0000005d3cf00000) (1024K)]
  0x000001778f32c430 WorkerThread "GC Thread#2"                     [id=19628, stack(0x0000005d3cf00000,0x0000005d3d000000) (1024K)]
  0x000001778f32c7e0 WorkerThread "GC Thread#3"                     [id=13288, stack(0x0000005d3d000000,0x0000005d3d100000) (1024K)]
  0x000001778f32db50 WorkerThread "GC Thread#4"                     [id=28820, stack(0x0000005d3d100000,0x0000005d3d200000) (1024K)]
  0x000001778f32d7a0 WorkerThread "GC Thread#5"                     [id=29384, stack(0x0000005d3d200000,0x0000005d3d300000) (1024K)]
  0x00000177355f5870 ConcurrentGCThread "G1 Main Marker"            [id=18240, stack(0x0000005d3b700000,0x0000005d3b800000) (1024K)]
  0x000001773333e720 WorkerThread "G1 Conc#0"                       [id=25504, stack(0x0000005d3b800000,0x0000005d3b900000) (1024K)]
  0x0000017748d8ff00 ConcurrentGCThread "G1 Refine#0"               [id=16140, stack(0x0000005d3b900000,0x0000005d3ba00000) (1024K)]
  0x0000017748d90990 ConcurrentGCThread "G1 Service"                [id=21724, stack(0x0000005d3ba00000,0x0000005d3bb00000) (1024K)]
Total: 12

Threads with active compile tasks:
Total: 0

VM state: at safepoint (normal execution)

VM Mutex/Monitor currently owned by a thread:  ([mutex/lock_event])
[0x00007fff9e5c44b0] Threads_lock - owner thread: 0x0000017748ee4470
[0x00007fff9e5c45b0] Heap_lock - owner thread: 0x000001773557c270

Heap address: 0x0000000703000000, size: 4048 MB, Compressed Oops mode: Zero based, Oop shift amount: 3

CDS archive(s) mapped at: [0x0000017749000000-0x0000017749d40000-0x0000017749d40000), size 13893632, SharedBaseAddress: 0x0000017749000000, ArchiveRelocationMode: 1.
Compressed class space mapped at: 0x000001774a000000-0x000001778a000000, reserved size: 1073741824
UseCompressedClassPointers 1, UseCompactObjectHeaders 0
Narrow klass pointer bits 32, Max shift 3
Narrow klass base: 0x0000017749000000, Narrow klass shift: 0
Encoding Range: [0x0000017749000000 - 0x0000017849000000), (4294967296 bytes)
Klass Range:    [0x0000017749000000 - 0x000001778a000000), (1090519040 bytes)
Klass ID Range:  [8 - 1090519033) (1090519025)

GC Precious Log:
 CardTable entry size: 512
 Card Set container configuration: InlinePtr #cards 4 size 8 Array Of Cards #cards 16 size 48 Howl #buckets 8 coarsen threshold 3686 Howl Bitmap #cards 512 size 80 coarsen threshold 460 Card regions per heap region 1 cards per card region 4096
 CPUs: 12 total, 12 available
 Memory: 16190M
 Large Page Support: Disabled
 NUMA Support: Disabled
 Compressed Oops: Enabled (Zero based)
 Heap Region Size: 2M
 Heap Min Capacity: 8M
 Heap Initial Capacity: 254M
 Heap Max Capacity: 4048M
 Pre-touch: Disabled
 Parallel Workers: 10
 Concurrent Workers: 3
 Concurrent Refinement Workers: 10
 Periodic GC: Disabled

Heap:
 garbage-first heap   total reserved 4145152K, committed 262144K, used 50288K [0x0000000703000000, 0x0000000800000000)
  region size 2048K, 27 young (55296K), 3 survivors (6144K)
 Metaspace       used 10934K, committed 11328K, reserved 1114112K
  class space    used 1248K, committed 1408K, reserved 1048576K

Heap Regions: E=young(eden), S=young(survivor), O=old, HS=humongous(starts), HC=humongous(continues), CS=collection set, F=free, TAMS=top-at-mark-start, PB=parsable bottom
|   0|0x0000000703000000, 0x0000000703200000, 0x0000000703200000|100%| O|  |TAMS 0x0000000703000000| PB 0x0000000703000000| Untracked |  0
|   1|0x0000000703200000, 0x00000007032bdbd8, 0x0000000703400000| 37%| O|  |TAMS 0x0000000703200000| PB 0x0000000703200000| Untracked |  0
|   2|0x0000000703400000, 0x0000000703400000, 0x0000000703600000|  0%| F|  |TAMS 0x0000000703400000| PB 0x0000000703400000| Untracked |  0
|   3|0x0000000703600000, 0x0000000703600000, 0x0000000703800000|  0%| F|  |TAMS 0x0000000703600000| PB 0x0000000703600000| Untracked |  0
|   4|0x0000000703800000, 0x0000000703800000, 0x0000000703a00000|  0%| F|  |TAMS 0x0000000703800000| PB 0x0000000703800000| Untracked |  0
|   5|0x0000000703a00000, 0x0000000703a00000, 0x0000000703c00000|  0%| F|  |TAMS 0x0000000703a00000| PB 0x0000000703a00000| Untracked |  0
|   6|0x0000000703c00000, 0x0000000703c00000, 0x0000000703e00000|  0%| F|  |TAMS 0x0000000703c00000| PB 0x0000000703c00000| Untracked |  0
|   7|0x0000000703e00000, 0x0000000703e00000, 0x0000000704000000|  0%| F|  |TAMS 0x0000000703e00000| PB 0x0000000703e00000| Untracked |  0
|   8|0x0000000704000000, 0x0000000704000000, 0x0000000704200000|  0%| F|  |TAMS 0x0000000704000000| PB 0x0000000704000000| Untracked |  0
|   9|0x0000000704200000, 0x0000000704200000, 0x0000000704400000|  0%| F|  |TAMS 0x0000000704200000| PB 0x0000000704200000| Untracked |  0
|  10|0x0000000704400000, 0x0000000704400000, 0x0000000704600000|  0%| F|  |TAMS 0x0000000704400000| PB 0x0000000704400000| Untracked |  0
|  11|0x0000000704600000, 0x0000000704600000, 0x0000000704800000|  0%| F|  |TAMS 0x0000000704600000| PB 0x0000000704600000| Untracked |  0
|  12|0x0000000704800000, 0x0000000704800000, 0x0000000704a00000|  0%| F|  |TAMS 0x0000000704800000| PB 0x0000000704800000| Untracked |  0
|  13|0x0000000704a00000, 0x0000000704a00000, 0x0000000704c00000|  0%| F|  |TAMS 0x0000000704a00000| PB 0x0000000704a00000| Untracked |  0
|  14|0x0000000704c00000, 0x0000000704c00000, 0x0000000704e00000|  0%| F|  |TAMS 0x0000000704c00000| PB 0x0000000704c00000| Untracked |  0
|  15|0x0000000704e00000, 0x0000000704e00000, 0x0000000705000000|  0%| F|  |TAMS 0x0000000704e00000| PB 0x0000000704e00000| Untracked |  0
|  16|0x0000000705000000, 0x0000000705000000, 0x0000000705200000|  0%| F|  |TAMS 0x0000000705000000| PB 0x0000000705000000| Untracked |  0
|  17|0x0000000705200000, 0x0000000705200000, 0x0000000705400000|  0%| F|  |TAMS 0x0000000705200000| PB 0x0000000705200000| Untracked |  0
|  18|0x0000000705400000, 0x0000000705400000, 0x0000000705600000|  0%| F|  |TAMS 0x0000000705400000| PB 0x0000000705400000| Untracked |  0
|  19|0x0000000705600000, 0x0000000705600000, 0x0000000705800000|  0%| F|  |TAMS 0x0000000705600000| PB 0x0000000705600000| Untracked |  0
|  20|0x0000000705800000, 0x0000000705800000, 0x0000000705a00000|  0%| F|  |TAMS 0x0000000705800000| PB 0x0000000705800000| Untracked |  0
|  21|0x0000000705a00000, 0x0000000705a00000, 0x0000000705c00000|  0%| F|  |TAMS 0x0000000705a00000| PB 0x0000000705a00000| Untracked |  0
|  22|0x0000000705c00000, 0x0000000705c00000, 0x0000000705e00000|  0%| F|  |TAMS 0x0000000705c00000| PB 0x0000000705c00000| Untracked |  0
|  23|0x0000000705e00000, 0x0000000705e00000, 0x0000000706000000|  0%| F|  |TAMS 0x0000000705e00000| PB 0x0000000705e00000| Untracked |  0
|  24|0x0000000706000000, 0x0000000706000000, 0x0000000706200000|  0%| F|  |TAMS 0x0000000706000000| PB 0x0000000706000000| Untracked |  0
|  25|0x0000000706200000, 0x0000000706200000, 0x0000000706400000|  0%| F|  |TAMS 0x0000000706200000| PB 0x0000000706200000| Untracked |  0
|  26|0x0000000706400000, 0x0000000706400000, 0x0000000706600000|  0%| F|  |TAMS 0x0000000706400000| PB 0x0000000706400000| Untracked |  0
|  27|0x0000000706600000, 0x0000000706600000, 0x0000000706800000|  0%| F|  |TAMS 0x0000000706600000| PB 0x0000000706600000| Untracked |  0
|  28|0x0000000706800000, 0x0000000706800000, 0x0000000706a00000|  0%| F|  |TAMS 0x0000000706800000| PB 0x0000000706800000| Untracked |  0
|  29|0x0000000706a00000, 0x0000000706a00000, 0x0000000706c00000|  0%| F|  |TAMS 0x0000000706a00000| PB 0x0000000706a00000| Untracked |  0
|  30|0x0000000706c00000, 0x0000000706c00000, 0x0000000706e00000|  0%| F|  |TAMS 0x0000000706c00000| PB 0x0000000706c00000| Untracked |  0
|  31|0x0000000706e00000, 0x0000000706e00000, 0x0000000707000000|  0%| F|  |TAMS 0x0000000706e00000| PB 0x0000000706e00000| Untracked |  0
|  32|0x0000000707000000, 0x0000000707000000, 0x0000000707200000|  0%| F|  |TAMS 0x0000000707000000| PB 0x0000000707000000| Untracked |  0
|  33|0x0000000707200000, 0x0000000707200000, 0x0000000707400000|  0%| F|  |TAMS 0x0000000707200000| PB 0x0000000707200000| Untracked |  0
|  34|0x0000000707400000, 0x0000000707400000, 0x0000000707600000|  0%| F|  |TAMS 0x0000000707400000| PB 0x0000000707400000| Untracked |  0
|  35|0x0000000707600000, 0x0000000707600000, 0x0000000707800000|  0%| F|  |TAMS 0x0000000707600000| PB 0x0000000707600000| Untracked |  0
|  36|0x0000000707800000, 0x0000000707800000, 0x0000000707a00000|  0%| F|  |TAMS 0x0000000707800000| PB 0x0000000707800000| Untracked |  0
|  37|0x0000000707a00000, 0x0000000707a00000, 0x0000000707c00000|  0%| F|  |TAMS 0x0000000707a00000| PB 0x0000000707a00000| Untracked |  0
|  38|0x0000000707c00000, 0x0000000707c00000, 0x0000000707e00000|  0%| F|  |TAMS 0x0000000707c00000| PB 0x0000000707c00000| Untracked |  0
|  39|0x0000000707e00000, 0x0000000707e00000, 0x0000000708000000|  0%| F|  |TAMS 0x0000000707e00000| PB 0x0000000707e00000| Untracked |  0
|  40|0x0000000708000000, 0x0000000708000000, 0x0000000708200000|  0%| F|  |TAMS 0x0000000708000000| PB 0x0000000708000000| Untracked |  0
|  41|0x0000000708200000, 0x0000000708200000, 0x0000000708400000|  0%| F|  |TAMS 0x0000000708200000| PB 0x0000000708200000| Untracked |  0
|  42|0x0000000708400000, 0x0000000708400000, 0x0000000708600000|  0%| F|  |TAMS 0x0000000708400000| PB 0x0000000708400000| Untracked |  0
|  43|0x0000000708600000, 0x0000000708600000, 0x0000000708800000|  0%| F|  |TAMS 0x0000000708600000| PB 0x0000000708600000| Untracked |  0
|  44|0x0000000708800000, 0x0000000708800000, 0x0000000708a00000|  0%| F|  |TAMS 0x0000000708800000| PB 0x0000000708800000| Untracked |  0
|  45|0x0000000708a00000, 0x0000000708a00000, 0x0000000708c00000|  0%| F|  |TAMS 0x0000000708a00000| PB 0x0000000708a00000| Untracked |  0
|  46|0x0000000708c00000, 0x0000000708c00000, 0x0000000708e00000|  0%| F|  |TAMS 0x0000000708c00000| PB 0x0000000708c00000| Untracked |  0
|  47|0x0000000708e00000, 0x0000000708e00000, 0x0000000709000000|  0%| F|  |TAMS 0x0000000708e00000| PB 0x0000000708e00000| Untracked |  0
|  48|0x0000000709000000, 0x0000000709000000, 0x0000000709200000|  0%| F|  |TAMS 0x0000000709000000| PB 0x0000000709000000| Untracked |  0
|  49|0x0000000709200000, 0x0000000709200000, 0x0000000709400000|  0%| F|  |TAMS 0x0000000709200000| PB 0x0000000709200000| Untracked |  0
|  50|0x0000000709400000, 0x0000000709400000, 0x0000000709600000|  0%| F|  |TAMS 0x0000000709400000| PB 0x0000000709400000| Untracked |  0
|  51|0x0000000709600000, 0x0000000709600000, 0x0000000709800000|  0%| F|  |TAMS 0x0000000709600000| PB 0x0000000709600000| Untracked |  0
|  52|0x0000000709800000, 0x0000000709800000, 0x0000000709a00000|  0%| F|  |TAMS 0x0000000709800000| PB 0x0000000709800000| Untracked |  0
|  53|0x0000000709a00000, 0x0000000709a00000, 0x0000000709c00000|  0%| F|  |TAMS 0x0000000709a00000| PB 0x0000000709a00000| Untracked |  0
|  54|0x0000000709c00000, 0x0000000709c00000, 0x0000000709e00000|  0%| F|  |TAMS 0x0000000709c00000| PB 0x0000000709c00000| Untracked |  0
|  55|0x0000000709e00000, 0x0000000709e00000, 0x000000070a000000|  0%| F|  |TAMS 0x0000000709e00000| PB 0x0000000709e00000| Untracked |  0
|  56|0x000000070a000000, 0x000000070a000000, 0x000000070a200000|  0%| F|  |TAMS 0x000000070a000000| PB 0x000000070a000000| Untracked |  0
|  57|0x000000070a200000, 0x000000070a200000, 0x000000070a400000|  0%| F|  |TAMS 0x000000070a200000| PB 0x000000070a200000| Untracked |  0
|  58|0x000000070a400000, 0x000000070a400000, 0x000000070a600000|  0%| F|  |TAMS 0x000000070a400000| PB 0x000000070a400000| Untracked |  0
|  59|0x000000070a600000, 0x000000070a600000, 0x000000070a800000|  0%| F|  |TAMS 0x000000070a600000| PB 0x000000070a600000| Untracked |  0
|  60|0x000000070a800000, 0x000000070a800000, 0x000000070aa00000|  0%| F|  |TAMS 0x000000070a800000| PB 0x000000070a800000| Untracked |  0
|  61|0x000000070aa00000, 0x000000070aa00000, 0x000000070ac00000|  0%| F|  |TAMS 0x000000070aa00000| PB 0x000000070aa00000| Untracked |  0
|  62|0x000000070ac00000, 0x000000070ac00000, 0x000000070ae00000|  0%| F|  |TAMS 0x000000070ac00000| PB 0x000000070ac00000| Untracked |  0
|  63|0x000000070ae00000, 0x000000070ae00000, 0x000000070b000000|  0%| F|  |TAMS 0x000000070ae00000| PB 0x000000070ae00000| Untracked |  0
|  64|0x000000070b000000, 0x000000070b000000, 0x000000070b200000|  0%| F|  |TAMS 0x000000070b000000| PB 0x000000070b000000| Untracked |  0
|  65|0x000000070b200000, 0x000000070b200000, 0x000000070b400000|  0%| F|  |TAMS 0x000000070b200000| PB 0x000000070b200000| Untracked |  0
|  66|0x000000070b400000, 0x000000070b400000, 0x000000070b600000|  0%| F|  |TAMS 0x000000070b400000| PB 0x000000070b400000| Untracked |  0
|  67|0x000000070b600000, 0x000000070b600000, 0x000000070b800000|  0%| F|  |TAMS 0x000000070b600000| PB 0x000000070b600000| Untracked |  0
|  68|0x000000070b800000, 0x000000070b800000, 0x000000070ba00000|  0%| F|  |TAMS 0x000000070b800000| PB 0x000000070b800000| Untracked |  0
|  69|0x000000070ba00000, 0x000000070ba00000, 0x000000070bc00000|  0%| F|  |TAMS 0x000000070ba00000| PB 0x000000070ba00000| Untracked |  0
|  70|0x000000070bc00000, 0x000000070bc00000, 0x000000070be00000|  0%| F|  |TAMS 0x000000070bc00000| PB 0x000000070bc00000| Untracked |  0
|  71|0x000000070be00000, 0x000000070be00000, 0x000000070c000000|  0%| F|  |TAMS 0x000000070be00000| PB 0x000000070be00000| Untracked |  0
|  72|0x000000070c000000, 0x000000070c000000, 0x000000070c200000|  0%| F|  |TAMS 0x000000070c000000| PB 0x000000070c000000| Untracked |  0
|  73|0x000000070c200000, 0x000000070c200000, 0x000000070c400000|  0%| F|  |TAMS 0x000000070c200000| PB 0x000000070c200000| Untracked |  0
|  74|0x000000070c400000, 0x000000070c400000, 0x000000070c600000|  0%| F|  |TAMS 0x000000070c400000| PB 0x000000070c400000| Untracked |  0
|  75|0x000000070c600000, 0x000000070c600000, 0x000000070c800000|  0%| F|  |TAMS 0x000000070c600000| PB 0x000000070c600000| Untracked |  0
|  76|0x000000070c800000, 0x000000070c800000, 0x000000070ca00000|  0%| F|  |TAMS 0x000000070c800000| PB 0x000000070c800000| Untracked |  0
|  77|0x000000070ca00000, 0x000000070ca00000, 0x000000070cc00000|  0%| F|  |TAMS 0x000000070ca00000| PB 0x000000070ca00000| Untracked |  0
|  78|0x000000070cc00000, 0x000000070cc00000, 0x000000070ce00000|  0%| F|  |TAMS 0x000000070cc00000| PB 0x000000070cc00000| Untracked |  0
|  79|0x000000070ce00000, 0x000000070ce00000, 0x000000070d000000|  0%| F|  |TAMS 0x000000070ce00000| PB 0x000000070ce00000| Untracked |  0
|  80|0x000000070d000000, 0x000000070d000000, 0x000000070d200000|  0%| F|  |TAMS 0x000000070d000000| PB 0x000000070d000000| Untracked |  0
|  81|0x000000070d200000, 0x000000070d200000, 0x000000070d400000|  0%| F|  |TAMS 0x000000070d200000| PB 0x000000070d200000| Untracked |  0
|  82|0x000000070d400000, 0x000000070d400000, 0x000000070d600000|  0%| F|  |TAMS 0x000000070d400000| PB 0x000000070d400000| Untracked |  0
|  83|0x000000070d600000, 0x000000070d600000, 0x000000070d800000|  0%| F|  |TAMS 0x000000070d600000| PB 0x000000070d600000| Untracked |  0
|  84|0x000000070d800000, 0x000000070d800000, 0x000000070da00000|  0%| F|  |TAMS 0x000000070d800000| PB 0x000000070d800000| Untracked |  0
|  85|0x000000070da00000, 0x000000070da00000, 0x000000070dc00000|  0%| F|  |TAMS 0x000000070da00000| PB 0x000000070da00000| Untracked |  0
|  86|0x000000070dc00000, 0x000000070dc00000, 0x000000070de00000|  0%| F|  |TAMS 0x000000070dc00000| PB 0x000000070dc00000| Untracked |  0
|  87|0x000000070de00000, 0x000000070de00000, 0x000000070e000000|  0%| F|  |TAMS 0x000000070de00000| PB 0x000000070de00000| Untracked |  0
|  88|0x000000070e000000, 0x000000070e000000, 0x000000070e200000|  0%| F|  |TAMS 0x000000070e000000| PB 0x000000070e000000| Untracked |  0
|  89|0x000000070e200000, 0x000000070e200000, 0x000000070e400000|  0%| F|  |TAMS 0x000000070e200000| PB 0x000000070e200000| Untracked |  0
|  90|0x000000070e400000, 0x000000070e400000, 0x000000070e600000|  0%| F|  |TAMS 0x000000070e400000| PB 0x000000070e400000| Untracked |  0
|  91|0x000000070e600000, 0x000000070e600000, 0x000000070e800000|  0%| F|  |TAMS 0x000000070e600000| PB 0x000000070e600000| Untracked |  0
|  92|0x000000070e800000, 0x000000070e800000, 0x000000070ea00000|  0%| F|  |TAMS 0x000000070e800000| PB 0x000000070e800000| Untracked |  0
|  93|0x000000070ea00000, 0x000000070ea00000, 0x000000070ec00000|  0%| F|  |TAMS 0x000000070ea00000| PB 0x000000070ea00000| Untracked |  0
|  94|0x000000070ec00000, 0x000000070ec00000, 0x000000070ee00000|  0%| F|  |TAMS 0x000000070ec00000| PB 0x000000070ec00000| Untracked |  0
|  95|0x000000070ee00000, 0x000000070ee00000, 0x000000070f000000|  0%| F|  |TAMS 0x000000070ee00000| PB 0x000000070ee00000| Untracked |  0
|  96|0x000000070f000000, 0x000000070f000000, 0x000000070f200000|  0%| F|  |TAMS 0x000000070f000000| PB 0x000000070f000000| Untracked |  0
|  97|0x000000070f200000, 0x000000070f200000, 0x000000070f400000|  0%| F|  |TAMS 0x000000070f200000| PB 0x000000070f200000| Untracked |  0
|  98|0x000000070f400000, 0x000000070f400000, 0x000000070f600000|  0%| F|  |TAMS 0x000000070f400000| PB 0x000000070f400000| Untracked |  0
|  99|0x000000070f600000, 0x000000070f600000, 0x000000070f800000|  0%| F|  |TAMS 0x000000070f600000| PB 0x000000070f600000| Untracked |  0
| 100|0x000000070f800000, 0x000000070fa00000, 0x000000070fa00000|100%| S|  |TAMS 0x000000070f800000| PB 0x000000070f800000| Complete |  0
| 101|0x000000070fa00000, 0x000000070fc00000, 0x000000070fc00000|100%| S|  |TAMS 0x000000070fa00000| PB 0x000000070fa00000| Complete |  0
| 102|0x000000070fc00000, 0x000000070fe00000, 0x000000070fe00000|100%| S|  |TAMS 0x000000070fc00000| PB 0x000000070fc00000| Complete |  0
| 103|0x000000070fe00000, 0x0000000710000000, 0x0000000710000000|100%| E|CS|TAMS 0x000000070fe00000| PB 0x000000070fe00000| Complete |  0
| 104|0x0000000710000000, 0x0000000710200000, 0x0000000710200000|100%| E|CS|TAMS 0x0000000710000000| PB 0x0000000710000000| Complete |  0
| 105|0x0000000710200000, 0x0000000710400000, 0x0000000710400000|100%| E|CS|TAMS 0x0000000710200000| PB 0x0000000710200000| Complete |  0
| 106|0x0000000710400000, 0x0000000710600000, 0x0000000710600000|100%| E|CS|TAMS 0x0000000710400000| PB 0x0000000710400000| Complete |  0
| 107|0x0000000710600000, 0x0000000710800000, 0x0000000710800000|100%| E|CS|TAMS 0x0000000710600000| PB 0x0000000710600000| Complete |  0
| 108|0x0000000710800000, 0x0000000710a00000, 0x0000000710a00000|100%| E|CS|TAMS 0x0000000710800000| PB 0x0000000710800000| Complete |  0
| 109|0x0000000710a00000, 0x0000000710c00000, 0x0000000710c00000|100%| E|CS|TAMS 0x0000000710a00000| PB 0x0000000710a00000| Complete |  0
| 110|0x0000000710c00000, 0x0000000710e00000, 0x0000000710e00000|100%| E|CS|TAMS 0x0000000710c00000| PB 0x0000000710c00000| Complete |  0
| 111|0x0000000710e00000, 0x0000000711000000, 0x0000000711000000|100%| E|CS|TAMS 0x0000000710e00000| PB 0x0000000710e00000| Complete |  0
| 112|0x0000000711000000, 0x0000000711200000, 0x0000000711200000|100%| E|CS|TAMS 0x0000000711000000| PB 0x0000000711000000| Complete |  0
| 113|0x0000000711200000, 0x0000000711400000, 0x0000000711400000|100%| E|CS|TAMS 0x0000000711200000| PB 0x0000000711200000| Complete |  0
| 114|0x0000000711400000, 0x0000000711600000, 0x0000000711600000|100%| E|CS|TAMS 0x0000000711400000| PB 0x0000000711400000| Complete |  0
| 115|0x0000000711600000, 0x0000000711800000, 0x0000000711800000|100%| E|CS|TAMS 0x0000000711600000| PB 0x0000000711600000| Complete |  0
| 116|0x0000000711800000, 0x0000000711a00000, 0x0000000711a00000|100%| E|CS|TAMS 0x0000000711800000| PB 0x0000000711800000| Complete |  0
| 117|0x0000000711a00000, 0x0000000711c00000, 0x0000000711c00000|100%| E|CS|TAMS 0x0000000711a00000| PB 0x0000000711a00000| Complete |  0
| 118|0x0000000711c00000, 0x0000000711e00000, 0x0000000711e00000|100%| E|CS|TAMS 0x0000000711c00000| PB 0x0000000711c00000| Complete |  0
| 119|0x0000000711e00000, 0x0000000712000000, 0x0000000712000000|100%| E|CS|TAMS 0x0000000711e00000| PB 0x0000000711e00000| Complete |  0
| 120|0x0000000712000000, 0x0000000712200000, 0x0000000712200000|100%| E|CS|TAMS 0x0000000712000000| PB 0x0000000712000000| Complete |  0
| 121|0x0000000712200000, 0x0000000712400000, 0x0000000712400000|100%| E|CS|TAMS 0x0000000712200000| PB 0x0000000712200000| Complete |  0
| 122|0x0000000712400000, 0x0000000712600000, 0x0000000712600000|100%| E|CS|TAMS 0x0000000712400000| PB 0x0000000712400000| Complete |  0
| 123|0x0000000712600000, 0x0000000712800000, 0x0000000712800000|100%| E|CS|TAMS 0x0000000712600000| PB 0x0000000712600000| Complete |  0
| 124|0x0000000712800000, 0x0000000712a00000, 0x0000000712a00000|100%| E|CS|TAMS 0x0000000712800000| PB 0x0000000712800000| Complete |  0
| 125|0x0000000712a00000, 0x0000000712c00000, 0x0000000712c00000|100%| E|CS|TAMS 0x0000000712a00000| PB 0x0000000712a00000| Complete |  0
| 126|0x0000000712c00000, 0x0000000712e00000, 0x0000000712e00000|100%| E|CS|TAMS 0x0000000712c00000| PB 0x0000000712c00000| Complete |  0
|2023|0x00000007ffe00000, 0x00000007fff1c288, 0x0000000800000000| 55%| O|  |TAMS 0x00000007ffe00000| PB 0x00000007ffe00000| Untracked |  0

Card table byte_map: [0x0000017741b50000,0x0000017742340000] _byte_map_base: 0x000001773e338000

Marking Bits: (CMBitMap*) 0x00000177355e0f70
 Bits: [0x0000017742340000, 0x0000017746280000)

Polling page: 0x00000177333e0000

Metaspace:

Usage:
  Non-class:      9.46 MB used.
      Class:      1.22 MB used.
       Both:     10.68 MB used.

Virtual space:
  Non-class space:       64.00 MB reserved,       9.69 MB ( 15%) committed,  1 nodes.
      Class space:        1.00 GB reserved,       1.38 MB ( <1%) committed,  1 nodes.
             Both:        1.06 GB reserved,      11.06 MB (  1%) committed. 

Chunk freelists:
   Non-Class:  6.36 MB
       Class:  14.61 MB
        Both:  20.97 MB

MaxMetaspaceSize: unlimited
CompressedClassSpaceSize: 1.00 GB
Initial GC threshold: 21.00 MB
Current GC threshold: 21.00 MB
CDS: on
 - commit_granule_bytes: 65536.
 - commit_granule_words: 8192.
 - virtual_space_node_default_size: 8388608.
 - enlarge_chunks_in_place: 1.
UseCompressedClassPointers 1, UseCompactObjectHeaders 0
Narrow klass pointer bits 32, Max shift 3
Narrow klass base: 0x0000017749000000, Narrow klass shift: 0
Encoding Range: [0x0000017749000000 - 0x0000017849000000), (4294967296 bytes)
Klass Range:    [0x0000017749000000 - 0x000001778a000000), (1090519040 bytes)
Klass ID Range:  [8 - 1090519033) (1090519025)


Internal statistics:

num_allocs_failed_limit: 0.
num_arena_births: 292.
num_arena_deaths: 0.
num_vsnodes_births: 2.
num_vsnodes_deaths: 0.
num_space_committed: 177.
num_space_uncommitted: 0.
num_chunks_returned_to_freelist: 0.
num_chunks_taken_from_freelist: 608.
num_chunk_merges: 0.
num_chunk_splits: 351.
num_chunks_enlarged: 191.
num_inconsistent_stats: 0.

CodeCache: size=49152Kb used=5432Kb max_used=5432Kb free=43720Kb
 bounds [0x000001773de10000, 0x000001773e360000, 0x0000017740e10000]
 total_blobs=2733, nmethods=2244, adapters=412, full_count=0
Compilation: enabled, stopped_count=0, restarted_count=0

Compilation events (20 events):
Event: 0.993 Thread 0x000001778e144380 2236       1       java.lang.invoke.BoundMethodHandle::bindArgumentL (11 bytes)
Event: 0.993 Thread 0x0000017748f07a60 nmethod 2235 0x000001773e35a888 code [0x000001773e35a980, 0x000001773e35aa30]
Event: 0.994 Thread 0x000001778e144380 nmethod 2236 0x000001773e35ab88 code [0x000001773e35acc0, 0x000001773e35aed8]
Event: 0.994 Thread 0x0000017748f07a60 2237       1       java.lang.invoke.LambdaFormEditor::bindArgumentL (59 bytes)
Event: 0.994 Thread 0x0000017748f07a60 nmethod 2237 0x000001773e35af88 code [0x000001773e35b0c0, 0x000001773e35b250]
Event: 0.994 Thread 0x0000017748f07a60 2238       1       java.util.logging.LogManager::getProperty (9 bytes)
Event: 0.994 Thread 0x0000017748f07a60 nmethod 2238 0x000001773e35b288 code [0x000001773e35b3a0, 0x000001773e35b498]
Event: 0.994 Thread 0x0000017748f07a60 2239       1       ch.qos.logback.classic.util.LoggerNameUtil::getSeparatorIndexOf (53 bytes)
Event: 0.994 Thread 0x000001778e0c3f80 nmethod 2232 0x000001773e35b588 code [0x000001773e35b880, 0x000001773e35c798]
Event: 0.994 Thread 0x0000017748f07a60 nmethod 2239 0x000001773e35c888 code [0x000001773e35c9c0, 0x000001773e35cb70]
Event: 0.999 Thread 0x000001778e0c3f80 2240       1       java.lang.classfile.ClassBuilder::withInterfaces (14 bytes)
Event: 0.999 Thread 0x000001778e144380 2241       1       java.lang.classfile.Interfaces::of (9 bytes)
Event: 0.999 Thread 0x000001778e0e64a0 2244       1       jdk.internal.classfile.impl.DirectClassBuilder::buildInterfaceEnties (46 bytes)
Event: 0.999 Thread 0x0000017748f07a60 2242       1       jdk.internal.classfile.impl.InterfacesImpl::<init> (13 bytes)
Event: 1.000 Thread 0x000001778e144380 nmethod 2241 0x000001773e35cb88 code [0x000001773e35cca0, 0x000001773e35ce18]
Event: 1.000 Thread 0x000001778e144380 2243       1       jdk.internal.classfile.impl.InterfacesImpl::writeTo (9 bytes)
Event: 1.000 Thread 0x000001778e0c3f80 nmethod 2240 0x000001773e35ce88 code [0x000001773e35cfc0, 0x000001773e35d228]
Event: 1.000 Thread 0x0000017748f07a60 nmethod 2242 0x000001773e35d288 code [0x000001773e35d3a0, 0x000001773e35d4e0]
Event: 1.000 Thread 0x000001778e144380 nmethod 2243 0x000001773e35d588 code [0x000001773e35d6a0, 0x000001773e35d7c8]
Event: 1.000 Thread 0x000001778e0e64a0 nmethod 2244 0x000001773e35d888 code [0x000001773e35da00, 0x000001773e35df68]

GC Heap History (1 events):
Event: 1.001 GC heap before
{Heap before GC invocations=0 (full 0):
 garbage-first heap   total reserved 4145152K, committed 262144K, used 48240K [0x0000000703000000, 0x0000000800000000)
  region size 2048K, 24 young (49152K), 0 survivors (0K)
 Metaspace       used 10934K, committed 11328K, reserved 1114112K
  class space    used 1248K, committed 1408K, reserved 1048576K
}

Dll operation events (10 events):
Event: 0.012 Loaded shared library C:\Users\ayoub\.jdks\openjdk-24.0.1\bin\java.dll
Event: 0.122 Loaded shared library C:\Users\ayoub\.jdks\openjdk-24.0.1\bin\zip.dll
Event: 0.124 Loaded shared library C:\Users\ayoub\.jdks\openjdk-24.0.1\bin\instrument.dll
Event: 0.128 Loaded shared library C:\Users\ayoub\.jdks\openjdk-24.0.1\bin\net.dll
Event: 0.130 Loaded shared library C:\Users\ayoub\.jdks\openjdk-24.0.1\bin\nio.dll
Event: 0.133 Loaded shared library C:\Users\ayoub\.jdks\openjdk-24.0.1\bin\zip.dll
Event: 0.175 Loaded shared library C:\Users\ayoub\.jdks\openjdk-24.0.1\bin\jimage.dll
Event: 0.216 Loaded shared library C:\Users\ayoub\.jdks\openjdk-24.0.1\bin\extnet.dll
Event: 0.222 Loaded shared library C:\Users\ayoub\.jdks\openjdk-24.0.1\bin\management.dll
Event: 0.235 Loaded shared library C:\Users\ayoub\.jdks\openjdk-24.0.1\bin\management_ext.dll

Deoptimization events (0 events):
No events

Classes loaded (20 events):
Event: 0.960 Loading class jdk/internal/io/JdkConsoleImpl$2
Event: 0.960 Loading class java/io/PrintWriter
Event: 0.961 Loading class java/io/PrintWriter done
Event: 0.961 Loading class jdk/internal/io/JdkConsoleImpl$2 done
Event: 0.961 Loading class jdk/internal/io/JdkConsoleImpl$LineReader
Event: 0.961 Loading class jdk/internal/io/JdkConsoleImpl$LineReader done
Event: 0.961 Loading class java/io/ProxyingConsole
Event: 0.961 Loading class java/io/ProxyingConsole done
Event: 0.961 Loading class java/io/Console$1
Event: 0.961 Loading class jdk/internal/access/JavaIOAccess
Event: 0.961 Loading class jdk/internal/access/JavaIOAccess done
Event: 0.961 Loading class java/io/Console$1 done
Event: 0.976 Loading class java/util/concurrent/Executors$DefaultThreadFactory
Event: 0.976 Loading class java/util/concurrent/Executors$DefaultThreadFactory done
Event: 0.984 Loading class java/util/Collections$UnmodifiableMap$UnmodifiableEntrySet$UnmodifiableEntrySetSpliterator
Event: 0.984 Loading class java/util/Collections$UnmodifiableMap$UnmodifiableEntrySet$UnmodifiableEntrySetSpliterator done
Event: 0.991 Loading class java/util/Stack
Event: 0.991 Loading class java/util/Stack done
Event: 0.992 Loading class java/util/Vector$Itr
Event: 0.992 Loading class java/util/Vector$Itr done

Classes unloaded (0 events):
No events

Classes redefined (0 events):
No events

Internal exceptions (20 events):
Event: 0.856 Thread 0x000001773557c270 Exception <a 'java/lang/NoSuchMethodError'{0x000000071052b1f8}: 'void java.lang.invoke.DirectMethodHandle$Holder.invokeSpecial(java.lang.Object, java.lang.Object, java.lang.Object, java.lang.Object, java.lang.Object)'> (0x000000071052b1f8) 
thrown [s\open\src\hotspot\share\interpreter\linkResolver.cpp, line 805]
Event: 0.863 Thread 0x000001773557c270 Exception <a 'java/lang/NoSuchMethodError'{0x0000000710574128}: 'int java.lang.invoke.DirectMethodHandle$Holder.invokeVirtual(java.lang.Object, java.lang.Object)'> (0x0000000710574128) 
thrown [s\open\src\hotspot\share\interpreter\linkResolver.cpp, line 805]
Event: 0.868 Thread 0x000001773557c270 Exception <a 'java/lang/NoSuchMethodError'{0x00000007105a1e38}: 'java.lang.Object java.lang.invoke.DirectMethodHandle$Holder.invokeStaticInit(java.lang.Object, java.lang.Object, java.lang.Object, java.lang.Object, java.lang.Object, java.lang.Object, java.lang.Object)'> (0x00000007105a1e38) 
thrown [s\open\src\hotspot\share\interpreter\linkResolver.cpp, line 805]
Event: 0.870 Thread 0x000001773557c270 Exception <a 'java/lang/NoSuchMethodError'{0x00000007105bd240}: 'int java.lang.invoke.DirectMethodHandle$Holder.invokeStaticInit(java.lang.Object, int, int)'> (0x00000007105bd240) 
thrown [s\open\src\hotspot\share\interpreter\linkResolver.cpp, line 805]
Event: 0.871 Thread 0x000001773557c270 Exception <a 'java/lang/NoSuchMethodError'{0x00000007105cd850}: 'int java.lang.invoke.DirectMethodHandle$Holder.invokeStaticInit(java.lang.Object, long, long)'> (0x00000007105cd850) 
thrown [s\open\src\hotspot\share\interpreter\linkResolver.cpp, line 805]
Event: 0.871 Thread 0x000001773557c270 Exception <a 'java/lang/NoSuchMethodError'{0x00000007105dd848}: 'int java.lang.invoke.DirectMethodHandle$Holder.invokeStaticInit(java.lang.Object, float, float)'> (0x00000007105dd848) 
thrown [s\open\src\hotspot\share\interpreter\linkResolver.cpp, line 805]
Event: 0.872 Thread 0x000001773557c270 Exception <a 'java/lang/NoSuchMethodError'{0x00000007105ed838}: 'int java.lang.invoke.DirectMethodHandle$Holder.invokeStaticInit(java.lang.Object, double, double)'> (0x00000007105ed838) 
thrown [s\open\src\hotspot\share\interpreter\linkResolver.cpp, line 805]
Event: 0.872 Thread 0x000001773557c270 Exception <a 'java/lang/NoSuchMethodError'{0x00000007105f7d48}: 'int java.lang.invoke.DirectMethodHandle$Holder.invokeStatic(java.lang.Object, long)'> (0x00000007105f7d48) 
thrown [s\open\src\hotspot\share\interpreter\linkResolver.cpp, line 805]
Event: 0.873 Thread 0x000001773557c270 Exception <a 'java/lang/NoSuchMethodError'{0x00000007102106c8}: 'java.lang.Object java.lang.invoke.DirectMethodHandle$Holder.invokeStatic(java.lang.Object, long)'> (0x00000007102106c8) 
thrown [s\open\src\hotspot\share\interpreter\linkResolver.cpp, line 805]
Event: 0.873 Thread 0x000001773557c270 Exception <a 'java/lang/NoSuchMethodError'{0x0000000710218ca0}: 'java.lang.Object java.lang.invoke.DirectMethodHandle$Holder.invokeStatic(java.lang.Object, float)'> (0x0000000710218ca0) 
thrown [s\open\src\hotspot\share\interpreter\linkResolver.cpp, line 805]
Event: 0.875 Thread 0x000001773557c270 Exception <a 'java/lang/NoSuchMethodError'{0x0000000710259828}: 'int java.lang.invoke.Invokers$Holder.linkToTargetMethod(java.lang.Object, java.lang.Object)'> (0x0000000710259828) 
thrown [s\open\src\hotspot\share\interpreter\linkResolver.cpp, line 805]
Event: 0.891 Thread 0x000001773557c270 Exception <a 'java/lang/NoSuchMethodError'{0x00000007102fe568}: 'java.lang.Object java.lang.invoke.DirectMethodHandle$Holder.newInvokeSpecial(java.lang.Object, java.lang.Object, java.lang.Object, int, java.lang.Object)'> (0x00000007102fe568) 
thrown [s\open\src\hotspot\share\interpreter\linkResolver.cpp, line 805]
Event: 0.892 Thread 0x000001773557c270 Exception <a 'java/lang/NoSuchMethodError'{0x000000071030ec30}: 'java.lang.Object java.lang.invoke.Invokers$Holder.linkToTargetMethod(java.lang.Object, java.lang.Object, int, java.lang.Object, java.lang.Object)'> (0x000000071030ec30) 
thrown [s\open\src\hotspot\share\interpreter\linkResolver.cpp, line 805]
Event: 0.893 Thread 0x000001773557c270 Exception <a 'java/lang/NoSuchMethodError'{0x000000071032a240}: 'java.lang.Object java.lang.invoke.DirectMethodHandle$Holder.newInvokeSpecial(java.lang.Object, int, java.lang.Object)'> (0x000000071032a240) 
thrown [s\open\src\hotspot\share\interpreter\linkResolver.cpp, line 805]
Event: 0.893 Thread 0x000001773557c270 Exception <a 'java/lang/NoSuchMethodError'{0x0000000710332d98}: 'int java.lang.invoke.DirectMethodHandle$Holder.invokeSpecialIFC(java.lang.Object, java.lang.Object, java.lang.Object, java.lang.Object)'> (0x0000000710332d98) 
thrown [s\open\src\hotspot\share\interpreter\linkResolver.cpp, line 805]
Event: 0.913 Thread 0x000001773557c270 Exception <a 'java/lang/NoSuchMethodError'{0x0000000710020a20}: 'void java.lang.invoke.DirectMethodHandle$Holder.invokeInterface(java.lang.Object, java.lang.Object, java.lang.Object)'> (0x0000000710020a20) 
thrown [s\open\src\hotspot\share\interpreter\linkResolver.cpp, line 805]
Event: 0.930 Thread 0x000001773557c270 Exception <a 'java/lang/NoSuchMethodError'{0x00000007100a4940}: 'java.lang.Object java.lang.invoke.DirectMethodHandle$Holder.invokeVirtual(java.lang.Object, java.lang.Object, java.lang.Object)'> (0x00000007100a4940) 
thrown [s\open\src\hotspot\share\interpreter\linkResolver.cpp, line 805]
Event: 0.949 Thread 0x000001773557c270 Exception <a 'java/lang/NoSuchMethodError'{0x0000000710178300}: 'void java.lang.invoke.DirectMethodHandle$Holder.invokeStatic(java.lang.Object, java.lang.Object, int)'> (0x0000000710178300) 
thrown [s\open\src\hotspot\share\interpreter\linkResolver.cpp, line 805]
Event: 0.953 Thread 0x000001773557c270 Exception <a 'java/lang/NoSuchMethodError'{0x0000000710195ac8}: 'void java.lang.invoke.DirectMethodHandle$Holder.invokeStaticInit(java.lang.Object, java.lang.Object, java.lang.Object)'> (0x0000000710195ac8) 
thrown [s\open\src\hotspot\share\interpreter\linkResolver.cpp, line 805]
Event: 0.978 Thread 0x000001773557c270 Exception <a 'java/lang/NoSuchMethodError'{0x000000070fe954d0}: 'void java.lang.invoke.DirectMethodHandle$Holder.invokeVirtual(java.lang.Object, java.lang.Object, java.lang.Object, java.lang.Object)'> (0x000000070fe954d0) 
thrown [s\open\src\hotspot\share\interpreter\linkResolver.cpp, line 805]

VM Operations (20 events):
Event: 0.112 Executing VM operation: HandshakeAllThreads (Deoptimize) done
Event: 0.183 Executing VM operation: HandshakeAllThreads (Deoptimize)
Event: 0.183 Executing VM operation: HandshakeAllThreads (Deoptimize) done
Event: 0.391 Executing VM operation: HandshakeAllThreads (Deoptimize)
Event: 0.391 Executing VM operation: HandshakeAllThreads (Deoptimize) done
Event: 0.453 Executing VM operation: HandshakeAllThreads (Deoptimize)
Event: 0.453 Executing VM operation: HandshakeAllThreads (Deoptimize) done
Event: 0.498 Executing VM operation: HandshakeAllThreads (Deoptimize)
Event: 0.499 Executing VM operation: HandshakeAllThreads (Deoptimize) done
Event: 0.499 Executing VM operation: HandshakeAllThreads (Deoptimize)
Event: 0.499 Executing VM operation: HandshakeAllThreads (Deoptimize) done
Event: 0.502 Executing VM operation: HandshakeAllThreads (Deoptimize)
Event: 0.502 Executing VM operation: HandshakeAllThreads (Deoptimize) done
Event: 0.708 Executing VM operation: HandshakeAllThreads (Deoptimize)
Event: 0.708 Executing VM operation: HandshakeAllThreads (Deoptimize) done
Event: 0.948 Executing VM operation: HandshakeAllThreads (Deoptimize)
Event: 0.948 Executing VM operation: HandshakeAllThreads (Deoptimize) done
Event: 0.950 Executing VM operation: HandshakeAllThreads (Deoptimize)
Event: 0.950 Executing VM operation: HandshakeAllThreads (Deoptimize) done
Event: 1.001 Executing VM operation: G1CollectForAllocation (G1 Evacuation Pause)

Memory protections (0 events):
No events

Nmethod flushes (0 events):
No events

Events (18 events):
Event: 0.031 Thread 0x000001773557c270 Thread added: 0x000001773557c270
Event: 0.043 Thread 0x000001773557c270 Thread added: 0x0000017748ef38e0
Event: 0.043 Thread 0x000001773557c270 Thread added: 0x0000017748ef4020
Event: 0.043 Thread 0x000001773557c270 Thread added: 0x0000017748ef6230
Event: 0.043 Thread 0x000001773557c270 Thread added: 0x0000017748ef9100
Event: 0.043 Thread 0x000001773557c270 Thread added: 0x0000017748efab50
Event: 0.043 Thread 0x000001773557c270 Thread added: 0x0000017748efc320
Event: 0.043 Thread 0x000001773557c270 Thread added: 0x0000017748f07a60
Event: 0.111 Thread 0x0000017748f07a60 Thread added: 0x000001778e0c3f80
Event: 0.114 Thread 0x000001778e0c3f80 Thread added: 0x000001778e0e64a0
Event: 0.126 Thread 0x000001773557c270 Thread added: 0x000001778e1285b0
Event: 0.136 Thread 0x000001778e0e64a0 Thread added: 0x000001778e144380
Event: 0.209 Thread 0x000001773557c270 Thread added: 0x000001778e5adba0
Event: 0.209 Thread 0x000001773557c270 Thread added: 0x000001778e5cea20
Event: 0.460 Thread 0x0000017748ef9100 Thread added: 0x000001778ebf7610
Event: 0.475 Thread 0x000001778ebf7610 Thread added: 0x000001778ec433a0
Event: 0.489 Thread 0x000001778ec433a0 Thread added: 0x000001778ec36fc0
Event: 0.497 Thread 0x000001778ec433a0 Thread added: 0x000001778ec678a0


Dynamic libraries:
0x00007ff773d90000 - 0x00007ff773d9e000 	C:\Users\ayoub\.jdks\openjdk-24.0.1\bin\java.exe
0x00007ff825200000 - 0x00007ff825468000 	C:\WINDOWS\SYSTEM32\ntdll.dll
0x00007ff8246d0000 - 0x00007ff824799000 	C:\WINDOWS\System32\KERNEL32.DLL
0x00007ff822730000 - 0x00007ff822b28000 	C:\WINDOWS\System32\KERNELBASE.dll
0x00007ff822c70000 - 0x00007ff822dbb000 	C:\WINDOWS\System32\ucrtbase.dll
0x00007ff812900000 - 0x00007ff812916000 	C:\Users\ayoub\.jdks\openjdk-24.0.1\bin\jli.dll
0x00007ff8128e0000 - 0x00007ff8128fb000 	C:\Users\ayoub\.jdks\openjdk-24.0.1\bin\VCRUNTIME140.dll
0x00007ff823b10000 - 0x00007ff823cd7000 	C:\WINDOWS\System32\USER32.dll
0x00007ff822700000 - 0x00007ff822727000 	C:\WINDOWS\System32\win32u.dll
0x00007ff821520000 - 0x00007ff8217b4000 	C:\WINDOWS\WinSxS\amd64_microsoft.windows.common-controls_6595b64144ccf1df_6.0.26100.7019_none_3e06ffa0e335b8a8\COMCTL32.dll
0x00007ff824a10000 - 0x00007ff824a3b000 	C:\WINDOWS\System32\GDI32.dll
0x00007ff822fa0000 - 0x00007ff823049000 	C:\WINDOWS\System32\msvcrt.dll
0x00007ff822e70000 - 0x00007ff822f9c000 	C:\WINDOWS\System32\gdi32full.dll
0x00007ff822dc0000 - 0x00007ff822e63000 	C:\WINDOWS\System32\msvcp_win.dll
0x00007ff824fc0000 - 0x00007ff824ff1000 	C:\WINDOWS\System32\IMM32.DLL
0x00007ff81bc00000 - 0x00007ff81bc0c000 	C:\Users\ayoub\.jdks\openjdk-24.0.1\bin\vcruntime140_1.dll
0x00007fffff950000 - 0x00007fffff9de000 	C:\Users\ayoub\.jdks\openjdk-24.0.1\bin\msvcp140.dll
0x00007fff9d900000 - 0x00007fff9e6a2000 	C:\Users\ayoub\.jdks\openjdk-24.0.1\bin\server\jvm.dll
0x00007ff825100000 - 0x00007ff8251b4000 	C:\WINDOWS\System32\ADVAPI32.dll
0x00007ff8243b0000 - 0x00007ff824456000 	C:\WINDOWS\System32\sechost.dll
0x00007ff823d50000 - 0x00007ff823e68000 	C:\WINDOWS\System32\RPCRT4.dll
0x00007ff823ea0000 - 0x00007ff823f14000 	C:\WINDOWS\System32\WS2_32.dll
0x00007ff8221b0000 - 0x00007ff82220e000 	C:\WINDOWS\SYSTEM32\POWRPROF.dll
0x00007ff80b270000 - 0x00007ff80b2a5000 	C:\WINDOWS\SYSTEM32\WINMM.dll
0x00007ff816fe0000 - 0x00007ff816feb000 	C:\WINDOWS\SYSTEM32\VERSION.dll
0x00007ff822190000 - 0x00007ff8221a4000 	C:\WINDOWS\SYSTEM32\UMPDC.dll
0x00007ff8207b0000 - 0x00007ff8207cb000 	C:\WINDOWS\SYSTEM32\kernel.appcore.dll
0x00007ff81a0a0000 - 0x00007ff81a0aa000 	C:\Users\ayoub\.jdks\openjdk-24.0.1\bin\jimage.dll
0x00007ff821b10000 - 0x00007ff821d52000 	C:\WINDOWS\SYSTEM32\DBGHELP.DLL
0x00007ff824a40000 - 0x00007ff824dcb000 	C:\WINDOWS\System32\combase.dll
0x00007ff8247a0000 - 0x00007ff824877000 	C:\WINDOWS\System32\OLEAUT32.dll
0x00007ff8219b0000 - 0x00007ff8219ec000 	C:\WINDOWS\SYSTEM32\dbgcore.DLL
0x00007ff822b30000 - 0x00007ff822bd5000 	C:\WINDOWS\System32\bcryptPrimitives.dll
0x00007ff8126a0000 - 0x00007ff8126af000 	C:\Users\ayoub\.jdks\openjdk-24.0.1\bin\instrument.dll
0x00007ff806000000 - 0x00007ff80601e000 	C:\Users\ayoub\.jdks\openjdk-24.0.1\bin\java.dll
0x00007ff8231c0000 - 0x00007ff823357000 	C:\WINDOWS\System32\ole32.dll
0x00007ff8233b0000 - 0x00007ff823aff000 	C:\WINDOWS\System32\SHELL32.dll
0x00007ff822590000 - 0x00007ff8226fb000 	C:\WINDOWS\System32\wintypes.dll
0x00007ff81f4e0000 - 0x00007ff81fd3d000 	C:\WINDOWS\SYSTEM32\windows.storage.dll
0x00007ff824880000 - 0x00007ff824972000 	C:\WINDOWS\System32\SHCORE.dll
0x00007ff8249a0000 - 0x00007ff824a07000 	C:\WINDOWS\System32\shlwapi.dll
0x00007ff822270000 - 0x00007ff822299000 	C:\WINDOWS\SYSTEM32\profapi.dll
0x00007ff805220000 - 0x00007ff805237000 	C:\Users\ayoub\.jdks\openjdk-24.0.1\bin\zip.dll
0x00007ff805380000 - 0x00007ff805390000 	C:\Users\ayoub\.jdks\openjdk-24.0.1\bin\net.dll
0x00007ff820d10000 - 0x00007ff820d7b000 	C:\WINDOWS\system32\mswsock.dll
0x00007ff805240000 - 0x00007ff805256000 	C:\Users\ayoub\.jdks\openjdk-24.0.1\bin\nio.dll
0x00007ff8202c0000 - 0x00007ff8203ec000 	C:\WINDOWS\SYSTEM32\DNSAPI.dll
0x00007ff8201d0000 - 0x00007ff820204000 	C:\WINDOWS\SYSTEM32\IPHLPAPI.DLL
0x00007ff824e50000 - 0x00007ff824e5a000 	C:\WINDOWS\System32\NSI.dll
0x00007ff8038c0000 - 0x00007ff8038cb000 	C:\Windows\System32\rasadhlp.dll
0x00007ff817460000 - 0x00007ff8174e6000 	C:\WINDOWS\System32\fwpuclnt.dll
0x00007ff8051b0000 - 0x00007ff8051b9000 	C:\Users\ayoub\.jdks\openjdk-24.0.1\bin\extnet.dll
0x00007ff804ec0000 - 0x00007ff804eca000 	C:\Users\ayoub\.jdks\openjdk-24.0.1\bin\management.dll
0x00007ff804eb0000 - 0x00007ff804ebb000 	C:\Users\ayoub\.jdks\openjdk-24.0.1\bin\management_ext.dll
0x00007ff8246c0000 - 0x00007ff8246c8000 	C:\WINDOWS\System32\PSAPI.DLL
0x00007ff821e80000 - 0x00007ff821e9b000 	C:\WINDOWS\SYSTEM32\CRYPTSP.dll
0x00007ff820e30000 - 0x00007ff820e6a000 	C:\WINDOWS\system32\rsaenh.dll
0x00007ff820d80000 - 0x00007ff820dab000 	C:\WINDOWS\SYSTEM32\USERENV.dll
0x00007ff822240000 - 0x00007ff82226a000 	C:\WINDOWS\SYSTEM32\bcrypt.dll
0x00007ff821010000 - 0x00007ff82101c000 	C:\WINDOWS\SYSTEM32\CRYPTBASE.dll
0x00007ff81ab50000 - 0x00007ff81ab68000 	C:\WINDOWS\system32\napinsp.dll
0x00007ff812890000 - 0x00007ff8128a2000 	C:\WINDOWS\System32\winrnr.dll
0x00007ff8128b0000 - 0x00007ff8128d2000 	C:\WINDOWS\system32\nlansp_c.dll
0x00007ff818ed0000 - 0x00007ff818ee6000 	C:\WINDOWS\system32\wshbth.dll
0x00007ffffcfd0000 - 0x00007ffffd026000 	C:\WINDOWS\SYSTEM32\pdh.dll
0x00007ff800a90000 - 0x00007ff800aa2000 	C:\WINDOWS\System32\perfproc.dll
0x00007ff800a50000 - 0x00007ff800a61000 	C:\WINDOWS\System32\perfos.dll
0x00007ff81e4b0000 - 0x00007ff81e4c2000 	C:\WINDOWS\SYSTEM32\pfclient.dll

JVMTI agents:
C:\Program Files\JetBrains\IntelliJ IDEA 2025.1.3\lib\idea_rt.jar path:C:\Users\ayoub\.jdks\openjdk-24.0.1\bin\instrument.dll, loaded, initialized, instrumentlib options:51177

dbghelp: loaded successfully - version: 4.0.5 - missing functions: none
symbol engine: initialized successfully - sym options: 0x614 - pdb path: .;C:\Users\ayoub\.jdks\openjdk-24.0.1\bin;C:\WINDOWS\SYSTEM32;C:\WINDOWS\WinSxS\amd64_microsoft.windows.common-controls_6595b64144ccf1df_6.0.26100.7019_none_3e06ffa0e335b8a8;C:\Users\ayoub\.jdks\openjdk-24.0.1\bin\server

VM Arguments:
jvm_args: -XX:TieredStopAtLevel=1 -Dspring.output.ansi.enabled=always -Dcom.sun.management.jmxremote -Dspring.jmx.enabled=true -Dspring.liveBeansView.mbeanDomain -Dspring.application.admin.enabled=true -Dmanagement.endpoints.jmx.exposure.include=* -javaagent:C:\Program Files\JetBrains\IntelliJ IDEA 2025.1.3\lib\idea_rt.jar=51177 -Dfile.encoding=UTF-8 -Dsun.stdout.encoding=UTF-8 -Dsun.stderr.encoding=UTF-8 
java_command: org.example.sbp1.Sbp1Application
java_class_path (initial): D:\SOA\SBP1\target\classes;C:\Users\ayoub\.m2\repository\org\springframework\boot\spring-boot-starter-validation\3.5.7\spring-boot-starter-validation-3.5.7.jar;C:\Users\ayoub\.m2\repository\org\springframework\boot\spring-boot-starter\3.5.7\spring-boot-starter-3.5.7.jar;C:\Users\ayoub\.m2\repository\org\springframework\boot\spring-boot\3.5.7\spring-boot-3.5.7.jar;C:\Users\ayoub\.m2\repository\org\springframework\boot\spring-boot-autoconfigure\3.5.7\spring-boot-autoconfigure-3.5.7.jar;C:\Users\ayoub\.m2\repository\org\springframework\boot\spring-boot-starter-logging\3.5.7\spring-boot-starter-logging-3.5.7.jar;C:\Users\ayoub\.m2\repository\ch\qos\logback\logback-classic\1.5.20\logback-classic-1.5.20.jar;C:\Users\ayoub\.m2\repository\ch\qos\logback\logback-core\1.5.20\logback-core-1.5.20.jar;C:\Users\ayoub\.m2\repository\org\apache\logging\log4j\log4j-to-slf4j\2.24.3\log4j-to-slf4j-2.24.3.jar;C:\Users\ayoub\.m2\repository\org\apache\logging\log4j\log4j-api\2.24.3\log4j-api-2.24.3.jar;C:\Users\ayoub\.m2\repository\org\slf4j\jul-to-slf4j\2.0.17\jul-to-slf4j-2.0.17.jar;C:\Users\ayoub\.m2\repository\jakarta\annotation\jakarta.annotation-api\2.1.1\jakarta.annotation-api-2.1.1.jar;C:\Users\ayoub\.m2\repository\org\yaml\snakeyaml\2.4\snakeyaml-2.4.jar;C:\Users\ayoub\.m2\repository\org\apache\tomcat\embed\tomcat-embed-el\10.1.48\tomcat-embed-el-10.1.48.jar;C:\Users\ayoub\.m2\repository\org\hibernate\validator\hibernate-validator\8.0.3.Final\hibernate-validator-8.0.3.Final.jar;C:\Users\ayoub\.m2\repository\jakarta\validation\jakarta.validation-api\3.0.2\jakarta.validation-api-3.0.2.jar;C:\Users\ayoub\.m2\repository\org\jboss\logging\jboss-logging\3.6.1.Final\jboss-logging-3.6.1.Final.jar;C:\Users\ayoub\.m2\repository\com\fasterxml\classmate\1.7.1\classmate-1.7.1.jar;C:\Users\ayoub\.m2\repository\org\springframework\boot\spring-boot-starter-web\3.5.7\spring-boot-starter-web-3.5.7.jar;C:\Users\ayoub\.m2\repository\org\springframework\boot\spring-boot-starter-json\3.5.7\spring-boot-starter-json-3.5.7.jar;C:\Users\ayoub\.m2\repository\com\fasterxml\jackson\core\jackson-databind\2.19.2\jackson-databind-2.19.2.jar;C:\Users\ayoub\.m2\repository\com\fasterxml\jackson\core\jackson-annotations\2.19.2\jackson-annotations-2.19.2.jar;C:\Users\ayoub\.m2\repository\com\fasterxml\jackson\core\jackson-core\2.19.2\jackson-core-2.19.2.jar;C:\Users\ayoub\.m2\repository\com\fasterxml\jackson\datatype\jackson-datatype-jdk8\2.19.2\jackson-datatype-jdk8-2.19.2.jar;C:\Users\ayoub\.m2\repository\com\fasterxml\jackson\datatype\jackson-datatype-jsr310\2.19.2\jackson-datatype-jsr310-2.19.2.jar;C:\Users\ayoub\.m2\repository\com\fasterxml\jackson\module\jackson-module-parameter-names\2.19.2\jackson-module-parameter-names-2.19.2.jar;C:\Users\ayoub\.m2\repository\org\springframework\boot\spring-boot-starter-tomcat\3.5.7\spring-boot-starter-tomcat-3.5.7.jar;C:\Users\ayoub\.m2\repository\org\apache\tomcat\embed\tomcat-embed-core\10.1.48\tomcat-embed-core-10.1.48.jar;C:\Users\ayoub\.m2\repository\org\apache\tomcat\embed\tomcat-embed-websocket\10.1.48\tomcat-embed-websocket-10.1.48.jar;C:\Users\ayoub\.m2\repository\org\springframework\spring-web\6.2.12\spring-web-6.2.12.jar;C:\Users\ayoub\.m2\repository\org\springframework\spring-beans\6.2.12\spring-beans-6.2.12.jar;C:\Users\ayoub\.m2\repository\io\micrometer\micrometer-observation\1.15.5\micrometer-observation-1.15.5.jar;C:\Users\ayoub\.m2\repository\io\micrometer\micrometer-commons\1.15.5\micrometer-commons-1.15.5.jar;C:\Users\ayoub\.m2\repository\org\springframework\spring-webmvc\6.2.12\spring-webmvc-6.2.12.jar;C:\Users\ayoub\.m2\repository\org\springframework\spring-aop\6.2.12\spring-aop-6.2.12.jar;C:\Users\ayoub\.m2\repository\org\springframework\spring-context\6.2.12\spring-context-6.2.12.jar;C:\Users\ayoub\.m2\repository\org\springframework\spring-expression\6.2.12\spring-expression-6.2.12.jar;C:\Users\ayoub\.m2\repository\org\projectlombok\lombok\1.18.42\lombok-1.18.42.jar;C:\Users\ayoub\.m2\repository\org\slf4j\slf4j-api\2.0.17\slf4j-api-2.0.17.jar;C:\Users\ayoub\.m2\repository\jakarta\xml\bind\jakarta.xml.bind-api\4.0.4\jakarta.xml.bind-api-4.0.4.jar;C:\Users\ayoub\.m2\repository\jakarta\activation\jakarta.activation-api\2.1.4\jakarta.activation-api-2.1.4.jar;C:\Users\ayoub\.m2\repository\net\bytebuddy\byte-buddy\1.17.8\byte-buddy-1.17.8.jar;C:\Users\ayoub\.m2\repository\org\springframework\spring-core\6.2.12\spring-core-6.2.12.jar;C:\Users\ayoub\.m2\repository\org\springframework\spring-jcl\6.2.12\spring-jcl-6.2.12.jar;C:\Users\ayoub\.m2\repository\org\springframework\boot\spring-boot-starter-data-jpa\3.5.7\spring-boot-starter-data-jpa-3.5.7.jar;C:\Users\ayoub\.m2\repository\org\springframework\boot\spring-boot-starter-jdbc\3.5.7\spring-boot-starter-jdbc-3.5.7.jar;C:\Users\ayoub\.m2\repository\com\zaxxer\HikariCP\6.3.3\HikariCP-6.3.3.jar;C:\Users\ayoub\.m2\repository\org\springframework\spring-jdbc\6.2.12\spring-jdbc-6.2.12.jar;C:\Users\ayoub\.m2\repository\org\hibernate\orm\hibernate-core\6.6.33.Final\hibernate-core-6.6.33.Final.jar;C:\Users\ayoub\.m2\repository\jakarta\persistence\jakarta.persistence-api\3.1.0\jakarta.persistence-api-3.1.0.jar;C:\Users\ayoub\.m2\repository\jakarta\transaction\jakarta.transaction-api\2.0.1\jakarta.transaction-api-2.0.1.jar;C:\Users\ayoub\.m2\repository\org\hibernate\common\hibernate-commons-annotations\7.0.3.Final\hibernate-commons-annotations-7.0.3.Final.jar;C:\Users\ayoub\.m2\repository\io\smallrye\jandex\3.2.0\jandex-3.2.0.jar;C:\Users\ayoub\.m2\repository\org\glassfish\jaxb\jaxb-runtime\4.0.6\jaxb-runtime-4.0.6.jar;C:\Users\ayoub\.m2\repository\org\glassfish\jaxb\jaxb-core\4.0.6\jaxb-core-4.0.6.jar;C:\Users\ayoub\.m2\repository\org\eclipse\angus\angus-activation\2.0.3\angus-activation-2.0.3.jar;C:\Users\ayoub\.m2\repository\org\glassfish\jaxb\txw2\4.0.6\txw2-4.0.6.jar;C:\Users\ayoub\.m2\repository\com\sun\istack\istack-commons-runtime\4.1.2\istack-commons-runtime-4.1.2.jar;C:\Users\ayoub\.m2\repository\jakarta\inject\jakarta.inject-api\2.0.1\jakarta.inject-api-2.0.1.jar;C:\Users\ayoub\.m2\repository\org\antlr\antlr4-runtime\4.13.0\antlr4-runtime-4.13.0.jar;C:\Users\ayoub\.m2\repository\org\springframework\data\spring-data-jpa\3.5.5\spring-data-jpa-3.5.5.jar;C:\Users\ayoub\.m2\repository\org\springframework\data\spring-data-commons\3.5.5\spring-data-commons-3.5.5.jar;C:\Users\ayoub\.m2\repository\org\springframework\spring-orm\6.2.12\spring-orm-6.2.12.jar;C:\Users\ayoub\.m2\repository\org\springframework\spring-tx\6.2.12\spring-tx-6.2.12.jar;C:\Users\ayoub\.m2\repository\org\springframework\spring-aspects\6.2.12\spring-aspects-6.2.12.jar;C:\Users\ayoub\.m2\repository\org\aspectj\aspectjweaver\1.9.24\aspectjweaver-1.9.24.jar;C:\Users\ayoub\.m2\repository\com\mysql\mysql-connector-j\9.4.0\mysql-connector-j-9.4.0.jar
Launcher Type: SUN_STANDARD

[Global flags]
     intx CICompilerCount                          = 4                                         {product} {ergonomic}
     uint ConcGCThreads                            = 3                                         {product} {ergonomic}
     uint G1ConcRefinementThreads                  = 10                                        {product} {ergonomic}
   size_t G1HeapRegionSize                         = 2097152                                   {product} {ergonomic}
   size_t InitialHeapSize                          = 266338304                                 {product} {ergonomic}
     bool ManagementServer                         = true                                      {product} {command line}
   size_t MarkStackSize                            = 4194304                                   {product} {ergonomic}
   size_t MarkStackSizeMax                         = 536870912                                 {product} {ergonomic}
   size_t MaxHeapSize                              = 4244635648                                {product} {ergonomic}
   size_t MaxNewSize                               = 2545942528                                {product} {ergonomic}
   size_t MinHeapDeltaBytes                        = 2097152                                   {product} {ergonomic}
   size_t MinHeapSize                              = 8388608                                   {product} {ergonomic}
    uintx NonNMethodCodeHeapSize                   = 4096                                   {pd product} {ergonomic}
    uintx NonProfiledCodeHeapSize                  = 0                                      {pd product} {ergonomic}
     bool ProfileInterpreter                       = false                                  {pd product} {command line}
    uintx ProfiledCodeHeapSize                     = 0                                      {pd product} {ergonomic}
   size_t SoftMaxHeapSize                          = 4244635648                             {manageable} {ergonomic}
     intx TieredStopAtLevel                        = 1                                         {product} {command line}
     bool UseCompressedOops                        = true                           {product lp64_product} {ergonomic}
     bool UseG1GC                                  = true                                      {product} {ergonomic}
     bool UseLargePagesIndividualAllocation        = false                                  {pd product} {ergonomic}

Logging:
Log output configuration:
 #0: stdout all=warning uptime,level,tags foldmultilines=false
 #1: stderr all=off uptime,level,tags foldmultilines=false

Environment Variables:
JAVA_HOME=C:\Program Files\Eclipse Adoptium\jdk-21.0.7.6-hotspot
PATH=C:\Program Files\Eclipse Adoptium\jdk-25.0.1.8-hotspot\bin;C:\WINDOWS\system32;C:\WINDOWS;C:\WINDOWS\System32\Wbem;C:\WINDOWS\System32\WindowsPowerShell\v1.0\;C:\WINDOWS\System32\OpenSSH\;C:\Program Files\Git\cmd;C:\composer;C:\Program Files\nodejs\;C:\Program Files\maven-mvnd-1.0.2-windows-amd64\bin;C:\Program Files\Docker\Docker\resources\bin;C:\apktool;;C:\Program Files\NVIDIA Corporation\NVIDIA App\NvDLISR;C:\Program Files (x86)\NVIDIA Corporation\PhysX\Common;C:\Users\ayoub\AppData\Local\Programs\Python\Python313\Scripts\;C:\Users\ayoub\AppData\Local\Programs\Python\Python313\;C:\Users\ayoub\AppData\Local\Microsoft\WindowsApps;C:\Users\ayoub\AppData\Local\Programs\Microsoft VS Code\bin;C:\Users\ayoub\Downloads\php-8.4.8-nts-Win32-vs17-x64;C:\Users\ayoub\AppData\Roaming\Composer\vendor\bin;C:\Users\ayoub\AppData\Roaming\npm;C:\Program Files\JetBrains\IntelliJ IDEA 2025.1.3\bin;;C:\Program Files\Eclipse Adoptium\jdk-21.0.7.6-hotspot\bin;C:\gradle\gradle-8.14.3\bin;C:\Program Files\maven-mvnd-1.0.2-windows-amd64\bin;C:\Users\ayoub\AppData\Local\Programs\cursor\resources\app\bin;C:\Users\ayoub\AppData\Local\Programs\Antigravity\bin;
USERNAME=ayoub
OS=Windows_NT
PROCESSOR_IDENTIFIER=Intel64 Family 6 Model 158 Stepping 10, GenuineIntel
TMP=C:\Users\ayoub\AppData\Local\Temp
TEMP=C:\Users\ayoub\AppData\Local\Temp




Periodic native trim disabled

---------------  S Y S T E M  ---------------

OS:
 Windows 11 , 64 bit Build 26100 (10.0.26100.7019)
OS uptime: 3 days 7:13 hours
Hyper-V role detected

CPU: total 12 (initial active 12) (6 cores per cpu, 2 threads per core) family 6 model 158 stepping 10 microcode 0xde, cx8, cmov, fxsr, ht, mmx, 3dnowpref, sse, sse2, sse3, ssse3, sse4.1, sse4.2, popcnt, lzcnt, tsc, tscinvbit, avx, avx2, aes, erms, clmul, bmi1, bmi2, adx, fma, vzeroupper, clflush, clflushopt, hv, rdtscp, f16c
Processor Information for the first 12 processors :
  Max Mhz: 2592, Current Mhz: 2592, Mhz Limit: 2592

Memory: 4k page, system-wide physical 16190M (3060M free)
TotalPageFile size 26942M (AvailPageFile size 6149M)
current process WorkingSet (physical memory assigned to process): 122M, peak: 122M
current process commit charge ("private bytes"): 374M, peak: 374M

vm_info: OpenJDK 64-Bit Server VM (24.0.1+9-30) for windows-amd64 JRE (24.0.1+9-30), built on 2025-03-05T07:23:45Z with MS VC++ 17.6 (VS2022)

END.
